<?xml version="1.0" encoding="UTF-8"?>
<!-- Generated by org.testng.reporters.JUnitReportReporter -->
<testsuite hostname="SMAs-MacBook-Pro.local" failures="0" tests="2" name="test.Day2" time="0.004" errors="0" timestamp="2022-07-03T20:41:32 IST" skipped="0">
  <testcase classname="test.Day2" name="day2" time="0.001"/>
  <system-out/>
  <testcase classname="test.Day2" name="smoke" time="0.003"/>
  <system-out/>
</testsuite> <!-- test.Day2 -->
