<?xml version="1.0" encoding="UTF-8"?>
<!-- Generated by org.testng.reporters.JUnitReportReporter -->
<testsuite hostname="SMAs-MacBook-Pro.local" failures="0" tests="6" name="test.Day3" time="0.012" errors="0" timestamp="2022-07-03T11:41:17 IST" skipped="0">
  <testcase classname="test.Day3" name="APILoginCar" time="0.001"/>
  <system-out/>
  <testcase classname="test.Day3" name="APILoginCar4" time="0.002"/>
  <system-out/>
  <testcase classname="test.Day3" name="MobileLoginCar" time="0.003"/>
  <system-out/>
  <testcase classname="test.Day3" name="APILoginCar2" time="0.002"/>
  <system-out/>
  <testcase classname="test.Day3" name="WebLoginCar" time="0.002"/>
  <system-out/>
  <testcase classname="test.Day3" name="APILoginCar3" time="0.002"/>
  <system-out/>
</testsuite> <!-- test.Day3 -->
