<?xml version="1.0" encoding="UTF-8"?>
<!-- Generated by org.testng.reporters.JUnitReportReporter -->
<testsuite hostname="SMAs-MacBook-Pro.local" failures="0" tests="2" name="test.Basics" time="0.007" errors="0" timestamp="2022-07-02T12:02:13 IST" skipped="0">
  <testcase classname="test.Basics" name="Demo2" time="0.001"/>
  <system-out/>
  <testcase classname="test.Basics" name="Demo1" time="0.006"/>
  <system-out/>
</testsuite> <!-- test.Basics -->
