<?xml version="1.0" encoding="UTF-8"?>
<!-- Generated by org.testng.reporters.JUnitReportReporter -->
<testsuite hostname="SMAs-MacBook-Pro.local" failures="0" tests="3" name="test.Basics" time="0.011" errors="0" timestamp="2022-07-03T21:22:53 IST" skipped="0">
  <testcase classname="test.Basics" name="Demo3" time="0.003"/>
  <system-out/>
  <testcase classname="test.Basics" name="Demo1" time="0.007"/>
  <system-out/>
  <testcase classname="test.Basics" name="Demo2" time="0.001"/>
  <system-out/>
</testsuite> <!-- test.Basics -->
