<?xml version="1.0" encoding="UTF-8"?>
<!-- Generated by org.testng.reporters.JUnitReportReporter -->
<testsuite hostname="LSQLAP-1033" failures="0" tests="3" name="test.Basics" time="0.039" errors="0" timestamp="2022-07-04T21:31:21 IST" skipped="0">
  <testcase classname="test.Basics" name="Demo3" time="0.005"/>
  <system-out/>
  <testcase classname="test.Basics" name="Demo1" time="0.029"/>
  <system-out/>
  <testcase classname="test.Basics" name="Demo2" time="0.005"/>
  <system-out/>
</testsuite> <!-- test.Basics -->
