<?xml version="1.0" encoding="UTF-8"?>
<!-- Generated by org.testng.reporters.JUnitReportReporter -->
<testsuite hostname="LSQLAP-1033" failures="0" tests="3" name="test.Basics" time="0.008" errors="0" timestamp="2022-07-04T21:28:24 IST" skipped="0">
  <testcase classname="test.Basics" name="Demo3" time="0.001"/>
  <system-out/>
  <testcase classname="test.Basics" name="Demo2" time="0.001"/>
  <system-out/>
  <testcase classname="test.Basics" name="Demo1" time="0.006"/>
  <system-out/>
</testsuite> <!-- test.Basics -->
