<?xml version="1.0" encoding="UTF-8"?>
<!-- Generated by org.testng.reporters.JUnitReportReporter -->
<testsuite hostname="SMAs-MacBook-Pro.local" failures="0" tests="2" name="test.Day2" time="0.011" errors="0" timestamp="2022-07-03T11:43:44 IST" skipped="0">
  <testcase classname="test.Day2" name="smoke" time="0.002"/>
  <system-out/>
  <testcase classname="test.Day2" name="day2" time="0.009"/>
  <system-out/>
</testsuite> <!-- test.Day2 -->
