<?xml version="1.0" encoding="UTF-8"?>
<!-- Generated by org.testng.reporters.JUnitReportReporter -->
<testsuite hostname="SMAs-MacBook-Pro.local" failures="0" tests="2" name="test.Day4" time="0.003" errors="0" timestamp="2022-07-03T11:33:33 IST" skipped="0">
  <testcase classname="test.Day4" name="smoke3" time="0.000"/>
  <system-out/>
  <testcase classname="test.Day4" name="smoke2" time="0.003"/>
  <system-out/>
</testsuite> <!-- test.Day4 -->
