<?xml version="1.0" encoding="UTF-8"?>
<!-- Generated by org.testng.reporters.JUnitReportReporter -->
<testsuite hostname="SMAs-MacBook-Pro.local" failures="0" tests="1" name="test.Day2" time="0.014" errors="0" timestamp="2022-07-03T11:33:33 IST" skipped="0">
  <testcase classname="test.Day2" name="smoke" time="0.014"/>
  <system-out/>
</testsuite> <!-- test.Day2 -->
