<?xml version="1.0" encoding="UTF-8"?>
<!-- Generated by org.testng.reporters.JUnitReportReporter -->
<testsuite hostname="SMAs-MacBook-Pro.local" failures="0" tests="6" name="test.Day5" time="0.013" errors="0" timestamp="2022-07-03T21:22:53 IST" skipped="1">
  <testcase classname="test.Day5" name="APILoginCar2" time="0.000"/>
  <system-out/>
  <testcase classname="test.Day5" name="APILoginCar4" time="0.008"/>
  <system-out/>
  <testcase classname="test.Day5" name="MobileLoginCar" time="0.001"/>
  <system-out/>
  <testcase classname="test.Day5" name="WebLoginCar" time="0.001"/>
  <system-out/>
  <testcase classname="test.Day5" name="APILoginCar" time="0.003"/>
  <system-out/>
  <testcase classname="test.Day5" name="APILoginCar3">
    <skipped/>
  </testcase> <!-- APILoginCar3 -->
  <system-out/>
</testsuite> <!-- test.Day5 -->
