<?xml version="1.0" encoding="UTF-8"?>
<!-- Generated by org.testng.reporters.JUnitReportReporter -->
<testsuite hostname="SMAs-MacBook-Pro.local" failures="0" tests="1" name="test.Day2" time="0.001" errors="0" timestamp="2022-07-02T21:16:37 IST" skipped="0">
  <testcase classname="test.Day2" name="day2" time="0.001"/>
  <system-out/>
</testsuite> <!-- test.Day2 -->
