<?xml version="1.0" encoding="UTF-8"?>
<!-- Generated by org.testng.reporters.JUnitReportReporter -->
<testsuite hostname="SMAs-MacBook-Pro.local" failures="0" tests="2" name="test.Day3" time="0.009" errors="0" timestamp="2022-07-02T21:29:23 IST" skipped="0">
  <testcase classname="test.Day3" name="WebLoginCar" time="0.005"/>
  <system-out/>
  <testcase classname="test.Day3" name="MobileLoginCar" time="0.004"/>
  <system-out/>
</testsuite> <!-- test.Day3 -->
