<?xml version="1.0" encoding="UTF-8"?>
<!-- Generated by org.testng.reporters.JUnitReportReporter -->
<testsuite hostname="LSQLAP-1033" failures="0" tests="4" name="test.Day2" time="0.006" errors="0" timestamp="2022-07-04T15:25:33 IST" skipped="0">
  <testcase classname="test.Day2" name="day2" time="0.001"/>
  <system-out/>
  <testcase classname="test.Day2" name="smoke" time="0.002"/>
  <system-out/>
  <testcase classname="test.Day2" name="day2" time="0.002"/>
  <system-out/>
  <testcase classname="test.Day2" name="day2" time="0.001"/>
  <system-out/>
</testsuite> <!-- test.Day2 -->
